\BOOKMARK [0][-]{chapter.1}{\376\377\0001\000\040\000H\000i\000e\000r\000a\000r\000c\000h\000i\000c\000a\000l\000\040\000I\000n\000d\000e\000x}{}% 1
\BOOKMARK [1][-]{section.1.1}{\376\377\0001\000.\0001\000\040\000C\000l\000a\000s\000s\000\040\000H\000i\000e\000r\000a\000r\000c\000h\000y}{chapter.1}% 2
\BOOKMARK [0][-]{chapter.2}{\376\377\0002\000\040\000C\000l\000a\000s\000s\000\040\000I\000n\000d\000e\000x}{}% 3
\BOOKMARK [1][-]{section.2.1}{\376\377\0002\000.\0001\000\040\000C\000l\000a\000s\000s\000\040\000L\000i\000s\000t}{chapter.2}% 4
\BOOKMARK [0][-]{chapter.3}{\376\377\0003\000\040\000C\000l\000a\000s\000s\000\040\000D\000o\000c\000u\000m\000e\000n\000t\000a\000t\000i\000o\000n}{}% 5
\BOOKMARK [1][-]{section.3.1}{\376\377\0003\000.\0001\000\040\000a\000d\000d\000B\000o\000o\000k\000\040\000C\000l\000a\000s\000s\000\040\000R\000e\000f\000e\000r\000e\000n\000c\000e}{chapter.3}% 6
\BOOKMARK [1][-]{section.3.2}{\376\377\0003\000.\0002\000\040\000a\000d\000d\000R\000e\000a\000d\000e\000r\000\040\000C\000l\000a\000s\000s\000\040\000R\000e\000f\000e\000r\000e\000n\000c\000e}{chapter.3}% 7
\BOOKMARK [1][-]{section.3.3}{\376\377\0003\000.\0003\000\040\000l\000i\000b\000r\000a\000r\000y\000.\000B\000o\000o\000k\000s\000e\000t\000.\000B\000o\000o\000k\000\040\000C\000l\000a\000s\000s\000\040\000R\000e\000f\000e\000r\000e\000n\000c\000e}{chapter.3}% 8
\BOOKMARK [2][-]{subsection.3.3.1}{\376\377\0003\000.\0003\000.\0001\000\040\000D\000e\000t\000a\000i\000l\000e\000d\000\040\000D\000e\000s\000c\000r\000i\000p\000t\000i\000o\000n}{section.3.3}% 9
\BOOKMARK [2][-]{subsection.3.3.2}{\376\377\0003\000.\0003\000.\0002\000\040\000C\000o\000n\000s\000t\000r\000u\000c\000t\000o\000r\000\040\000\046\000\040\000D\000e\000s\000t\000r\000u\000c\000t\000o\000r\000\040\000D\000o\000c\000u\000m\000e\000n\000t\000a\000t\000i\000o\000n}{section.3.3}% 10
\BOOKMARK [3][-]{subsubsection.3.3.2.1}{\376\377\0003\000.\0003\000.\0002\000.\0001\000\040\000B\000o\000o\000k\000\050\000\051}{subsection.3.3.2}% 11
\BOOKMARK [2][-]{subsection.3.3.3}{\376\377\0003\000.\0003\000.\0003\000\040\000M\000e\000m\000b\000e\000r\000\040\000F\000u\000n\000c\000t\000i\000o\000n\000\040\000D\000o\000c\000u\000m\000e\000n\000t\000a\000t\000i\000o\000n}{section.3.3}% 12
\BOOKMARK [3][-]{subsubsection.3.3.3.1}{\376\377\0003\000.\0003\000.\0003\000.\0001\000\040\000e\000d\000i\000t\000B\000o\000o\000k\000e\000n\000t\000r\000y\000\050\000\051}{subsection.3.3.3}% 13
\BOOKMARK [3][-]{subsubsection.3.3.3.2}{\376\377\0003\000.\0003\000.\0003\000.\0002\000\040\000i\000s\000A\000v\000a\000i\000l\000a\000b\000l\000e\000T\000o\000R\000e\000n\000t\000\050\000\051}{subsection.3.3.3}% 14
\BOOKMARK [3][-]{subsubsection.3.3.3.3}{\376\377\0003\000.\0003\000.\0003\000.\0003\000\040\000r\000e\000m\000o\000v\000e\000B\000o\000o\000k\000\050\000\051}{subsection.3.3.3}% 15
\BOOKMARK [3][-]{subsubsection.3.3.3.4}{\376\377\0003\000.\0003\000.\0003\000.\0004\000\040\000s\000e\000t\000R\000e\000n\000t\000\050\000\051}{subsection.3.3.3}% 16
\BOOKMARK [1][-]{section.3.4}{\376\377\0003\000.\0004\000\040\000B\000o\000o\000k\000l\000i\000s\000t\000\040\000C\000l\000a\000s\000s\000\040\000R\000e\000f\000e\000r\000e\000n\000c\000e}{chapter.3}% 17
\BOOKMARK [1][-]{section.3.5}{\376\377\0003\000.\0005\000\040\000b\000o\000o\000k\000R\000e\000n\000t\000R\000e\000t\000u\000r\000n\000\040\000C\000l\000a\000s\000s\000\040\000R\000e\000f\000e\000r\000e\000n\000c\000e}{chapter.3}% 18
\BOOKMARK [1][-]{section.3.6}{\376\377\0003\000.\0006\000\040\000l\000i\000b\000r\000a\000r\000y\000.\000B\000o\000o\000k\000s\000e\000t\000\040\000C\000l\000a\000s\000s\000\040\000R\000e\000f\000e\000r\000e\000n\000c\000e}{chapter.3}% 19
\BOOKMARK [2][-]{subsection.3.6.1}{\376\377\0003\000.\0006\000.\0001\000\040\000D\000e\000t\000a\000i\000l\000e\000d\000\040\000D\000e\000s\000c\000r\000i\000p\000t\000i\000o\000n}{section.3.6}% 20
\BOOKMARK [2][-]{subsection.3.6.2}{\376\377\0003\000.\0006\000.\0002\000\040\000M\000e\000m\000b\000e\000r\000\040\000F\000u\000n\000c\000t\000i\000o\000n\000\040\000D\000o\000c\000u\000m\000e\000n\000t\000a\000t\000i\000o\000n}{section.3.6}% 21
\BOOKMARK [3][-]{subsubsection.3.6.2.1}{\376\377\0003\000.\0006\000.\0002\000.\0001\000\040\000a\000d\000d\000T\000o\000B\000o\000o\000k\000s\000e\000t\000\050\000\051}{subsection.3.6.2}% 22
\BOOKMARK [3][-]{subsubsection.3.6.2.2}{\376\377\0003\000.\0006\000.\0002\000.\0002\000\040\000b\000o\000o\000k\000L\000o\000o\000k\000u\000p\000B\000y\000T\000i\000t\000l\000e\000\050\000\051}{subsection.3.6.2}% 23
\BOOKMARK [3][-]{subsubsection.3.6.2.3}{\376\377\0003\000.\0006\000.\0002\000.\0003\000\040\000r\000e\000m\000o\000v\000e\000F\000r\000o\000m\000B\000o\000o\000k\000s\000e\000t\000\050\000\051}{subsection.3.6.2}% 24
\BOOKMARK [1][-]{section.3.7}{\376\377\0003\000.\0007\000\040\000l\000i\000b\000r\000a\000r\000y\000.\000D\000a\000t\000a\000b\000a\000s\000e\000\040\000C\000l\000a\000s\000s\000\040\000R\000e\000f\000e\000r\000e\000n\000c\000e}{chapter.3}% 25
\BOOKMARK [2][-]{subsection.3.7.1}{\376\377\0003\000.\0007\000.\0001\000\040\000D\000e\000t\000a\000i\000l\000e\000d\000\040\000D\000e\000s\000c\000r\000i\000p\000t\000i\000o\000n}{section.3.7}% 26
\BOOKMARK [2][-]{subsection.3.7.2}{\376\377\0003\000.\0007\000.\0002\000\040\000C\000o\000n\000s\000t\000r\000u\000c\000t\000o\000r\000\040\000\046\000\040\000D\000e\000s\000t\000r\000u\000c\000t\000o\000r\000\040\000D\000o\000c\000u\000m\000e\000n\000t\000a\000t\000i\000o\000n}{section.3.7}% 27
\BOOKMARK [3][-]{subsubsection.3.7.2.1}{\376\377\0003\000.\0007\000.\0002\000.\0001\000\040\000D\000a\000t\000a\000b\000a\000s\000e\000\050\000\051}{subsection.3.7.2}% 28
\BOOKMARK [2][-]{subsection.3.7.3}{\376\377\0003\000.\0007\000.\0003\000\040\000M\000e\000m\000b\000e\000r\000\040\000F\000u\000n\000c\000t\000i\000o\000n\000\040\000D\000o\000c\000u\000m\000e\000n\000t\000a\000t\000i\000o\000n}{section.3.7}% 29
\BOOKMARK [3][-]{subsubsection.3.7.3.1}{\376\377\0003\000.\0007\000.\0003\000.\0001\000\040\000g\000e\000t\000B\000o\000o\000k\000s\000\050\000\051}{subsection.3.7.3}% 30
\BOOKMARK [3][-]{subsubsection.3.7.3.2}{\376\377\0003\000.\0007\000.\0003\000.\0002\000\040\000g\000e\000t\000R\000e\000a\000d\000e\000r\000s\000\050\000\051}{subsection.3.7.3}% 31
\BOOKMARK [3][-]{subsubsection.3.7.3.3}{\376\377\0003\000.\0007\000.\0003\000.\0003\000\040\000r\000e\000a\000d\000D\000a\000t\000a\000\050\000\051}{subsection.3.7.3}% 32
\BOOKMARK [3][-]{subsubsection.3.7.3.4}{\376\377\0003\000.\0007\000.\0003\000.\0004\000\040\000w\000r\000i\000t\000e\000D\000a\000t\000a\000\050\000\051}{subsection.3.7.3}% 33
\BOOKMARK [1][-]{section.3.8}{\376\377\0003\000.\0008\000\040\000D\000e\000b\000t\000o\000r\000l\000i\000s\000t\000\040\000C\000l\000a\000s\000s\000\040\000R\000e\000f\000e\000r\000e\000n\000c\000e}{chapter.3}% 34
\BOOKMARK [1][-]{section.3.9}{\376\377\0003\000.\0009\000\040\000H\000o\000m\000e\000\040\000C\000l\000a\000s\000s\000\040\000R\000e\000f\000e\000r\000e\000n\000c\000e}{chapter.3}% 35
\BOOKMARK [2][-]{subsection.3.9.1}{\376\377\0003\000.\0009\000.\0001\000\040\000M\000e\000m\000b\000e\000r\000\040\000F\000u\000n\000c\000t\000i\000o\000n\000\040\000D\000o\000c\000u\000m\000e\000n\000t\000a\000t\000i\000o\000n}{section.3.9}% 36
\BOOKMARK [3][-]{subsubsection.3.9.1.1}{\376\377\0003\000.\0009\000.\0001\000.\0001\000\040\000g\000e\000n\000e\000r\000a\000t\000e\000R\000a\000n\000d\000o\000m\000D\000a\000t\000a\000b\000a\000s\000e\000\050\000\051}{subsection.3.9.1}% 37
\BOOKMARK [1][-]{section.3.10}{\376\377\0003\000.\0001\0000\000\040\000l\000i\000b\000r\000a\000r\000y\000.\000R\000e\000a\000d\000e\000r\000B\000a\000s\000e\000.\000R\000e\000a\000d\000e\000r\000\040\000C\000l\000a\000s\000s\000\040\000R\000e\000f\000e\000r\000e\000n\000c\000e}{chapter.3}% 38
\BOOKMARK [2][-]{subsection.3.10.1}{\376\377\0003\000.\0001\0000\000.\0001\000\040\000M\000e\000m\000b\000e\000r\000\040\000F\000u\000n\000c\000t\000i\000o\000n\000\040\000D\000o\000c\000u\000m\000e\000n\000t\000a\000t\000i\000o\000n}{section.3.10}% 39
\BOOKMARK [3][-]{subsubsection.3.10.1.1}{\376\377\0003\000.\0001\0000\000.\0001\000.\0001\000\040\000f\000i\000n\000d\000B\000o\000o\000k\000I\000n\000R\000e\000n\000t\000s\000\050\000\051}{subsection.3.10.1}% 40
\BOOKMARK [3][-]{subsubsection.3.10.1.2}{\376\377\0003\000.\0001\0000\000.\0001\000.\0002\000\040\000r\000e\000n\000t\000B\000o\000o\000k\000\050\000\051}{subsection.3.10.1}% 41
\BOOKMARK [3][-]{subsubsection.3.10.1.3}{\376\377\0003\000.\0001\0000\000.\0001\000.\0003\000\040\000r\000e\000t\000u\000r\000n\000B\000o\000o\000k\000\050\000\051}{subsection.3.10.1}% 42
\BOOKMARK [1][-]{section.3.11}{\376\377\0003\000.\0001\0001\000\040\000l\000i\000b\000r\000a\000r\000y\000.\000R\000e\000a\000d\000e\000r\000B\000a\000s\000e\000\040\000C\000l\000a\000s\000s\000\040\000R\000e\000f\000e\000r\000e\000n\000c\000e}{chapter.3}% 43
\BOOKMARK [2][-]{subsection.3.11.1}{\376\377\0003\000.\0001\0001\000.\0001\000\040\000D\000e\000t\000a\000i\000l\000e\000d\000\040\000D\000e\000s\000c\000r\000i\000p\000t\000i\000o\000n}{section.3.11}% 44
\BOOKMARK [2][-]{subsection.3.11.2}{\376\377\0003\000.\0001\0001\000.\0002\000\040\000M\000e\000m\000b\000e\000r\000\040\000F\000u\000n\000c\000t\000i\000o\000n\000\040\000D\000o\000c\000u\000m\000e\000n\000t\000a\000t\000i\000o\000n}{section.3.11}% 45
\BOOKMARK [3][-]{subsubsection.3.11.2.1}{\376\377\0003\000.\0001\0001\000.\0002\000.\0001\000\040\000a\000d\000d\000R\000e\000a\000d\000e\000r\000\050\000\051}{subsection.3.11.2}% 46
\BOOKMARK [3][-]{subsubsection.3.11.2.2}{\376\377\0003\000.\0001\0001\000.\0002\000.\0002\000\040\000g\000e\000t\000L\000i\000s\000t\000O\000f\000D\000e\000b\000t\000o\000r\000s\000\050\000\051}{subsection.3.11.2}% 47
\BOOKMARK [3][-]{subsubsection.3.11.2.3}{\376\377\0003\000.\0001\0001\000.\0002\000.\0003\000\040\000g\000e\000t\000R\000e\000a\000d\000e\000r\000\050\000\051}{subsection.3.11.2}% 48
\BOOKMARK [3][-]{subsubsection.3.11.2.4}{\376\377\0003\000.\0001\0001\000.\0002\000.\0004\000\040\000r\000e\000a\000d\000e\000r\000L\000o\000o\000k\000u\000p\000B\000y\000S\000u\000r\000n\000a\000m\000e\000\050\000\051}{subsection.3.11.2}% 49
\BOOKMARK [1][-]{section.3.12}{\376\377\0003\000.\0001\0002\000\040\000R\000e\000a\000d\000e\000r\000l\000i\000s\000t\000\040\000C\000l\000a\000s\000s\000\040\000R\000e\000f\000e\000r\000e\000n\000c\000e}{chapter.3}% 50
\BOOKMARK [1][-]{section.3.13}{\376\377\0003\000.\0001\0003\000\040\000r\000e\000m\000o\000v\000e\000B\000o\000o\000k\000\040\000C\000l\000a\000s\000s\000\040\000R\000e\000f\000e\000r\000e\000n\000c\000e}{chapter.3}% 51
\BOOKMARK [1][-]{section.3.14}{\376\377\0003\000.\0001\0004\000\040\000l\000i\000b\000r\000a\000r\000y\000.\000R\000e\000a\000d\000e\000r\000B\000a\000s\000e\000.\000R\000e\000n\000t\000\040\000C\000l\000a\000s\000s\000\040\000R\000e\000f\000e\000r\000e\000n\000c\000e}{chapter.3}% 52
\BOOKMARK [2][-]{subsection.3.14.1}{\376\377\0003\000.\0001\0004\000.\0001\000\040\000D\000e\000t\000a\000i\000l\000e\000d\000\040\000D\000e\000s\000c\000r\000i\000p\000t\000i\000o\000n}{section.3.14}% 53
\BOOKMARK [2][-]{subsection.3.14.2}{\376\377\0003\000.\0001\0004\000.\0002\000\040\000M\000e\000m\000b\000e\000r\000\040\000F\000u\000n\000c\000t\000i\000o\000n\000\040\000D\000o\000c\000u\000m\000e\000n\000t\000a\000t\000i\000o\000n}{section.3.14}% 54
\BOOKMARK [3][-]{subsubsection.3.14.2.1}{\376\377\0003\000.\0001\0004\000.\0002\000.\0001\000\040\000p\000r\000o\000l\000o\000n\000g\000R\000e\000n\000t\000\050\000\051}{subsection.3.14.2}% 55
\BOOKMARK [0][-]{section*.45}{\376\377\000I\000n\000d\000e\000x}{}% 56
